The table:
123
456
789

The user searched for index: 2
The user searched for 2 top documents

The search result was:
2
1

The table:
123
456
789

The user searched for index: 1
The user searched for 2 top documents

The search result was:
2
1

The table:
123
456
789

The user searched for index: 0
The user searched for 3 top documents

The search result was:
2
1
0

The table:
123
456
789

The user searched for index: 2
The user searched for 1 top documents

The search result was:
2

The table:
123
456
789

The user searched for index: 0
The user searched for 1 top documents

The search result was:
2

The table:
123
456
789

The user searched for index 0
The user searched for 3 top documents

The search result was:
1 
0 
2 

The table:
123
456
789

The user searched for index 0
The user searched for 2 top documents

The search result was:
2 
1 

The table:
123
456
789

The user searched for index 0
The user searched for 2 top documents

The search result was:
2 
1 

The table:
123
456
789

The user searched for index 0
The user searched for 2 top documents

The search result was:
2 
1 

The table:
123
456
789

The user searched for index 0
The user searched for 2 top documents

The search result was:
2 
1 

The table:
123
456
789

The user searched for index 0
The user searched for 2 top documents

The search result was:
2 
1 

The table:
123
456
789

The user searched for index 0
The user searched for 3 top documents

The search result was:
0 
1 
2 

The table:
123
456
789

The user searched for index 0
The user searched for 0 top documents

The search result was:

The table:
123
456
789

The user searched for index 1
The user searched for 0 top documents

The search result was:

The table:
123
456
789

The user searched for index 1
The user searched for 0 top documents

The search result was:

The table:
123
456
789

The user searched for index 1
The user searched for 0 top documents

The search result was:

